Exception in thread "DisconnectableInputStream source reader" org.gradle.api.UncheckedIOException: java.io.IOException: Descriptor de archivo erróneo
	at org.gradle.internal.UncheckedException.throwAsUncheckedException(UncheckedException.java:61)
	at org.gradle.internal.UncheckedException.throwAsUncheckedException(UncheckedException.java:41)
	at org.gradle.util.DisconnectableInputStream$1.run(DisconnectableInputStream.java:127)
	at java.lang.Thread.run(Thread.java:748)
Caused by: java.io.IOException: Descriptor de archivo erróneo
	at java.io.FileInputStream.readBytes(Native Method)
	at java.io.FileInputStream.read(FileInputStream.java:255)
	at java.io.BufferedInputStream.read1(BufferedInputStream.java:284)
	at java.io.BufferedInputStream.read(BufferedInputStream.java:345)
	at org.gradle.util.DisconnectableInputStream$1.run(DisconnectableInputStream.java:98)
	... 1 more
> Task :compileJava UP-TO-DATE
> Task :processResources UP-TO-DATE
> Task :classes UP-TO-DATE

> Task :bootRun

  .   ____          _            __ _ _
 /\\ / ___'_ __ _ _(_)_ __  __ _ \ \ \ \
( ( )\___ | '_ | '_| | '_ \/ _` | \ \ \ \
 \\/  ___)| |_)| | | | | || (_| |  ) ) ) )
  '  |____| .__|_| |_|_| |_\__, | / / / /
 =========|_|==============|___/=/_/_/_/
 :: Spring Boot ::        (v2.3.4.RELEASE)

2020-12-11 22:12:47.654  INFO 822602 --- [  restartedMain] c.d.DevOpsUsach2020Application           : Starting DevOpsUsach2020Application on zenbook with PID 822602 (/SSD/Personales/Dip-DevOps/covid19/ejemplo-gradle/build/classes/java/main started by carlos in /SSD/Personales/Dip-DevOps/covid19/ejemplo-gradle)
2020-12-11 22:12:47.657  INFO 822602 --- [  restartedMain] c.d.DevOpsUsach2020Application           : No active profile set, falling back to default profiles: default
2020-12-11 22:12:47.714  INFO 822602 --- [  restartedMain] .e.DevToolsPropertyDefaultsPostProcessor : Devtools property defaults active! Set 'spring.devtools.add-properties' to 'false' to disable
2020-12-11 22:12:47.717  INFO 822602 --- [  restartedMain] .e.DevToolsPropertyDefaultsPostProcessor : For additional web related logging consider setting the 'logging.level.web' property to 'DEBUG'
2020-12-11 22:12:48.401  INFO 822602 --- [  restartedMain] o.s.b.w.embedded.tomcat.TomcatWebServer  : Tomcat initialized with port(s): 8080 (http)
2020-12-11 22:12:48.408  INFO 822602 --- [  restartedMain] o.apache.catalina.core.StandardService   : Starting service [Tomcat]
2020-12-11 22:12:48.409  INFO 822602 --- [  restartedMain] org.apache.catalina.core.StandardEngine  : Starting Servlet engine: [Apache Tomcat/9.0.38]
2020-12-11 22:12:48.446  INFO 822602 --- [  restartedMain] o.a.c.c.C.[Tomcat].[localhost].[/]       : Initializing Spring embedded WebApplicationContext
2020-12-11 22:12:48.446  INFO 822602 --- [  restartedMain] w.s.c.ServletWebServerApplicationContext : Root WebApplicationContext: initialization completed in 729 ms
2020-12-11 22:12:48.575  INFO 822602 --- [  restartedMain] o.s.s.concurrent.ThreadPoolTaskExecutor  : Initializing ExecutorService 'applicationTaskExecutor'
2020-12-11 22:12:48.694  INFO 822602 --- [  restartedMain] o.s.b.d.a.OptionalLiveReloadServer       : LiveReload server is running on port 35729
2020-12-11 22:12:48.715  INFO 822602 --- [  restartedMain] o.s.b.w.embedded.tomcat.TomcatWebServer  : Tomcat started on port(s): 8080 (http) with context path ''
2020-12-11 22:12:48.722  INFO 822602 --- [  restartedMain] c.d.DevOpsUsach2020Application           : Started DevOpsUsach2020Application in 1.335 seconds (JVM running for 1.623)
